<?xml version="1.0" encoding="UTF-8"?>
<!-- Generated by org.testng.reporters.JUnitReportReporter -->
<testsuite hostname="user-PC" name="testngnewtours.NewTest" tests="2" failures="0" timestamp="22 Oct 2017 12:43:59 GMT" time="69.666" errors="0">
  <testcase name="Login" time="27.811" classname="testngnewtours.NewTest"/>
  <testcase name="Login" time="41.855" classname="testngnewtours.NewTest"/>
</testsuite> <!-- testngnewtours.NewTest -->
