<?xml version="1.0" encoding="UTF-8"?>
<!-- Generated by org.testng.reporters.JUnitReportReporter -->
<testsuite hostname="user-PC" name="testng.Autopractice" tests="2" failures="0" timestamp="22 Oct 2017 10:28:05 GMT" time="11.571" errors="0">
  <testcase name="Login" time="5.801" classname="testng.Autopractice"/>
  <testcase name="Login" time="5.770" classname="testng.Autopractice"/>
</testsuite> <!-- testng.Autopractice -->
