<?xml version="1.0" encoding="UTF-8"?>
<!-- Generated by org.testng.reporters.JUnitReportReporter -->
<testsuite skipped="0" hostname="user-PC" name="firstTestNG.firstTestNG" tests="1" failures="0" timestamp="10 Dec 2017 08:46:54 GMT" time="9.558" errors="0">
  <testcase name="verify" time="9.558" classname="firstTestNG.firstTestNG"/>
</testsuite> <!-- firstTestNG.firstTestNG -->
