<?xml version="1.0" encoding="UTF-8"?>
<!-- Generated by org.testng.reporters.JUnitReportReporter -->
<testsuite hostname="user-PC" name="try1.NewTest" tests="1" failures="0" timestamp="10 Dec 2017 09:07:52 GMT" time="120.765" errors="0">
  <testcase name="f" time="120.765" classname="try1.NewTest"/>
</testsuite> <!-- try1.NewTest -->
