<?xml version="1.0" encoding="UTF-8"?>
<!-- Generated by org.testng.reporters.JUnitReportReporter -->
<testsuite hostname="user-PC" name="testnganno.Testngaano" tests="2" failures="0" timestamp="9 Dec 2017 16:32:12 GMT" time="3.640" errors="0">
  <testcase name="Test1" time="1.199" classname="testnganno.Testngaano"/>
  <testcase name="Test2" time="2.441" classname="testnganno.Testngaano"/>
</testsuite> <!-- testnganno.Testngaano -->
